<?xml version="1.0" encoding="UTF-8"?>
<!-- Generated by org.testng.reporters.JUnitXMLReporter -->
<testsuite ignored="0" hostname="IN-PG02H7VY" failures="0" tests="5" name="Default test" time="109.741" errors="0" timestamp="2022-10-01T17:43:50 IST">
  <testcase classname="com.amazon.testcases.loginTest" name="login" time="49.662"/>
  <testcase classname="com.amazon.testcases.loginTest" name="addressVerifyTest" time="0.401"/>
  <testcase classname="com.amazon.testcases.loginTest" name="searchProductTest" time="9.887"/>
  <testcase classname="com.amazon.testcases.loginTest" name="addToCartTest" time="32.056"/>
  <testcase classname="com.amazon.testcases.loginTest" name="signOutTest" time="8.202"/>
</testsuite> <!-- Default test -->
